# Matched Hacksaw Images
2_Wild_2_Die_1400.jpg => "2 Wild 2 Die" | score: 100
Alpha_Eagle_1201.jpg => "Alpha Eagle" | score: 100
Aztec_Twist_1066.jpg => "Aztec Twist" | score: 100
Beam_Boys_1426.jpg => "Beam Boys" | score: 100
Beast_Below_1279.jpg => "Beast Below" | score: 100
Benny_the_Beer_1356.jpg => "Benny the Beer" | score: 100
Bloodthirst_1251.jpg => "Bloodthirst" | score: 100
Book_of_Time_1213.jpg => "Book of Time" | score: 100
Born_Wild_1189.jpg => "Born Wild" | score: 100
Bouncy_Bombs_1422.jpg => "Bouncy Bombs" | score: 100
Break_Bones_1205.jpg => "Break Bones" | score: 100
Buffalo_StacknSync_1176.jpg => "Buffalo Stack'n'Sync" | score: 100
Cash_Compass_1055.jpg => "Cash Compass" | score: 100
Cash_Crew_1456.jpg => "Cash Crew" | score: 100
Cash_Quest_1099.jpg => "Cash Quest" | score: 100
Chaos_Crew_1059.jpg => "Chaos Crew" | score: 100
Chaos_Crew_2_1352.jpg => "Chaos Crew" | score: 100
Cloud_Princess_1602.jpg => "Cloud Princess" | score: 100
Cubes_1048.jpg => "Cubes 2" | score: 100
Cubes_2_1069.jpg => "Cubes 2" | score: 100
Cursed_Crypt_1434.jpg => "Cursed Crypt" | score: 100
Cursed_Seas_1263.jpg => "Cursed Seas" | score: 100
Dark_Summoning_1392.jpg => "Dark Summoning" | score: 100
Dawn_of_Kings_1442.jpg => "Dawn of Kings" | score: 100
Densho_1348.jpg => "Densho" | score: 100
Divine_Drop_1490.jpg => "Divine Drop" | score: 100
Donny_Dough_1530.jpg => "Donny Dough" | score: 100
Donut_Division_1608.jpg => "Donut Division" | score: 100
Dork_Unit_1172.jpg => "Dork Unit" | score: 100
Double_Rainbow_1144.jpg => "Double Rainbow" | score: 100
Dragons_Domain_1360.jpg => "Dragon's Domain" | score: 100
Dropem_1314.jpg => "Drop'em" | score: 100
Duel_at_Dawn_1620.jpg => "Duel at Dawn" | score: 100
Evil_Eyes_1570.jpg => "Evil Eyes" | score: 100
Eye_of_the_Panda_1344.jpg => "Eye of the Panda" | score: 100
Fear_the_Dark_1271.jpg => "Fear the Dark" | score: 100
Feel_the_Beat_1372.jpg => "Feel the Beat" | score: 100
Fire_my_Laser_1640.jpg => "Fire my Laser" | score: 100
Fist_of_Destruction_1408.jpg => "Fist of Destruction" | score: 100
Forest_Fortune_1185.jpg => "Forest Fortune" | score: 100
Franks_Farm_1225.jpg => "Frank's Farm" | score: 100
Freds_Food_Truck_-_LW_Exclusive_1229.jpg => "Freds Food Truck - L&W Exclusive" | score: 100
FRKN_Bananas_1693.jpg => "FRKN Bananas" | score: 100
Fruit_Duel_1197.jpg => "Fruit Duel" | score: 100
Frutz_1081.jpg => "Frutz" | score: 100
Get_the_CHEESE_1580.jpg => "Get the CHEESE" | score: 100
Gladiator_Legends_1160.jpg => "Gladiator Legends" | score: 100
Gronks_Gems_1221.jpg => "Gronk's Gems" | score: 100
Hand_Of_Anubis_1164.jpg => "Hand Of Anubis" | score: 100
Harvest_Wilds_1140.jpg => "Harvest Wilds" | score: 100
HopNPop_1091.jpg => "Hop'N'Pop" | score: 100
Hounds_of_Hell_1666.jpg => "Hounds Of Hell" | score: 100
Immortal_Desire_1364.jpg => "Immortal Desire" | score: 100
Itero_1168.jpg => "Itero" | score: 100
Jelly_Slice_1452.jpg => "Jelly Slice" | score: 100
Joker_Bombs_1117.jpg => "Joker Bombs" | score: 100
Keepem_1494.jpg => "Keep'em" | score: 100
Keep_em_Cool_1259.jpg => "Keep 'em Cool" | score: 100
King_Carrot_1127.jpg => "King Carrot" | score: 100
Klowns_1438.jpg => "Klowns" | score: 100
Let_It_Snow_1070.jpg => "Let It Snow" | score: 100
Le_Bandit_1309.jpg => "Le Bandit" | score: 100
Le_Pharaoh_1562.jpg => "Le Pharaoh" | score: 100
Le_Viking_1689.jpg => "Le Viking" | score: 100
Magic_Piggy_1247.jpg => "Magic Piggy" | score: 100
Marlin_Masters_1681.jpg => "Marlin Masters" | score: 100
Mayan_Stackways_1275.jpg => "Mayan Stackways" | score: 100
Miami_Multiplier_1049.jpg => "Miami Multiplier" | score: 100
Mighty_Masks_1305.jpg => "Mighty Masks" | score: 100
Mystery_Motel_1071.jpg => "Mystery Motel" | score: 100
Octo_Attack_1584.jpg => "Octo Attack" | score: 100
OmNom_1043.jpg => "OmNom" | score: 100
Orb_of_Destiny_1474.jpg => "Orb of Destiny" | score: 100
Outlaws_Inc_1083.jpg => "Outlaws Inc." | score: 100
Phoenix_DuelReels_1675.jpg => "Phoenix DuelReels" | score: 100
Pug_Life_1217.jpg => "Pug Life" | score: 100
Rip_City_1233.jpg => "Rip City" | score: 100
Rise_of_Ymir_1616.jpg => "Rise of Ymir" | score: 100
Rocket_Reels_1102.jpg => "Rocket Reels" | score: 100
Ronin_Stackways_1267.jpg => "Ronin Stackways" | score: 100
Rotten_1209.jpg => "Rotten" | score: 100
Rusty__Curly_1404.jpg => "Rusty & Curly" | score: 100
Shaolin_Master_1554.jpg => "Shaolin Master" | score: 100
SixSixSix_1534.jpg => "SixSixSix" | score: 100
Slayers_Inc_1482.jpg => "Slayers Inc" | score: 100
Snow_Slingers_1558.jpg => "Snow Slingers" | score: 100
StackEm_1084.jpg => "Stack'Em" | score: 100
StickEm_1042.jpg => "Stick'Em" | score: 100
Stormforged_1243.jpg => "Stormforged" | score: 100
Strength_of_Hercules_1697.jpg => "Strength of Hercules" | score: 100
Tai_the_Toad_1478.jpg => "Tai the Toad" | score: 100
Tasty_Treats_1096.jpg => "Tasty Treats" | score: 100
Temple_of_Torment_1237.jpg => "Temple of Torment" | score: 100
The_Bowery_Boys_1135.jpg => "The Bowery Boys" | score: 100
The_Respinners_1058.jpg => "The Respinners" | score: 100
Time_Spinners_1181.jpg => "Time Spinners" | score: 100
Toshi_Video_Club_1087.jpg => "Toshi Video Club" | score: 100
Twisted_Lab_1514.jpg => "Twisted Lab" | score: 100
Undead_Fortune_1193.jpg => "Undead Fortune" | score: 100
Vending_Machine_1340.jpg => "Vending Machine" | score: 100
Wanted_Dead_Or_Alive_1067.jpg => "Wanted Dead Or Alive" | score: 100
Warrior_Ways_1131.jpg => "Warrior Ways" | score: 100
Wings_of_Horus_1612.jpg => "Wings of Horus" | score: 100
Xmas_Drop_1396.jpg => "Xmas Drop" | score: 100
Xpander_1093.jpg => "Xpander" | score: 100
Ze_Zeus_1508.jpg => "Ze Zeus" | score: 100

# Matched Pragmatic Images
pragmatic_100_Clover_Gold.jpg => "Clover Gold" | score: 100
pragmatic_101_Wildies.jpg => "Wildies" | score: 100
pragmatic_102_Hot_Pepper.jpg => "Hot Pepper™" | score: 100
pragmatic_103_8_Golden_Dragon_Challenge.jpg => "8 Golden Dragon Challenge™" | score: 100
pragmatic_104_Fruit_Party_2.jpg => "Fruit Party 2™" | score: 100
pragmatic_105_Excalibur_Unleashed.jpg => "Excalibur Unleashed™" | score: 100
pragmatic_106_Bounty_Gold.jpg => "Bounty Gold™" | score: 100
pragmatic_107_Devilicious.jpg => "Devilicious" | score: 100
pragmatic_108_Angel_vs_Sinner.jpg => "Angel vs Sinner" | score: 100
pragmatic_109_Mochimon.jpg => "Mochimon™" | score: 100
pragmatic_10_5_Lions_Megaways.jpg => "5 Lions Megaways™" | score: 100
pragmatic_110_Rock_Vegas.jpg => "Rock Vegas™" | score: 100
pragmatic_111_Santas_Xmas_Rush.jpg => "Santa’s Xmas Rush" | score: 100
pragmatic_112_The_Big_Dawgs.jpg => "The Big Dawgs" | score: 100
pragmatic_113_Yeti_Quest.jpg => "Yeti Quest" | score: 100
pragmatic_114_6_Jokers.jpg => "6 Jokers" | score: 100
pragmatic_115_Ripe_Rewards.jpg => "Ripe Rewards" | score: 100
pragmatic_116_Ultra_Hold_and_Spin.jpg => "Ultra Hold and Spin™" | score: 100
pragmatic_117_Barn_Festival.jpg => "Barn Festival" | score: 100
pragmatic_118_Bigger_Bass_Splash.jpg => "Bigger Bass Splash" | score: 100
pragmatic_119_Beware_The_Deep_Megaways.jpg => "Beware The Deep Megaways™" | score: 100
pragmatic_11_The_Dog_House.jpg => "The Dog House®" | score: 100
pragmatic_120_Queenie.jpg => "Queenie™" | score: 100
pragmatic_121_Book_of_Vikings.jpg => "Book of Vikings®" | score: 100
pragmatic_122_Blade_Fangs.jpg => "Blade & Fangs" | score: 100
pragmatic_123_Release_the_Kraken_Megaways.jpg => "Release the Kraken Megaways™" | score: 100
pragmatic_124_Congo_Cash_XL.jpg => "Congo Cash XL" | score: 100
pragmatic_125_Wild_Bison_Charge.jpg => "Wild Bison Charge™" | score: 100
pragmatic_126_Heart_of_Cleopatra.jpg => "Heart of Cleopatra" | score: 100
pragmatic_127_5_Frozen_Charms_Megaways.jpg => "5 Frozen Charms Megaways™" | score: 100
pragmatic_128_Infective_Wild.jpg => "Infective Wild™" | score: 100
pragmatic_129_Big_Bass_Bonanza_3_Reeler.jpg => "Big Bass Bonanza 3 Reeler" | score: 100
pragmatic_12_Juicy_Fruits.jpg => "Juicy Fruits™" | score: 100
pragmatic_130_Power_of_Thor_Megaways.jpg => "Power of Thor Megaways™" | score: 100
pragmatic_131_PIZZA_PIZZA_PIZZA.jpg => "PIZZA! PIZZA? PIZZA!™" | score: 100
pragmatic_132_Wild_Booster.jpg => "Wild Booster™" | score: 100
pragmatic_133_Wheel_OGold.jpg => "Wheel O’Gold" | score: 100
pragmatic_134_Dynamite_Diggin_Doug.jpg => "Dynamite Diggin Doug" | score: 100
pragmatic_135_Mustang_Gold_Megaways.jpg => "Mustang Gold Megaways™" | score: 100
pragmatic_136_Extra_Juicy_Megaways.jpg => "Extra Juicy Megaways™" | score: 100
pragmatic_137_Bow_of_Artemis.jpg => "Bow of Artemis" | score: 100
pragmatic_138_Cash_Elevator.jpg => "Cash Elevator™" | score: 100
pragmatic_139_Oodles_of_Noodles.jpg => "Oodles of Noodles" | score: 100
pragmatic_13_Big_Bass_Mission_Fishin.jpg => "Big Bass Mission Fishin’" | score: 100
pragmatic_140_Crank_It_Up.jpg => "Crank It Up" | score: 100
pragmatic_141_Wild_Wild_Riches.jpg => "Wild Wild Riches™" | score: 100
pragmatic_142_Chicken_Drop.jpg => "Chicken Drop®" | score: 100
pragmatic_143_The_Wild_Gang.jpg => "The Wild Gang™" | score: 100
pragmatic_144_Release_the_Bison.jpg => "Release the Bison" | score: 100
pragmatic_145_Wild_Hop_Drop.jpg => "Wild Hop&Drop" | score: 50
pragmatic_146_Candy_Corner.jpg => "Candy Corner" | score: 100
pragmatic_147_7_Monkeys.jpg => "7 Monkeys" | score: 100
pragmatic_148_Viking_Forge.jpg => "Viking Forge™" | score: 100
pragmatic_149_Running_Sushi.jpg => "Running Sushi" | score: 100
pragmatic_14_Floating_Dragon_HoldandSpin.jpg => "Floating Dragon Megaways" | score: 33.33333333333333
pragmatic_14_Floating_Dragon_HoldSpin.jpg => "Floating Dragon Megaways" | score: 33.33333333333333
pragmatic_150_Big_Juan.jpg => "Big Juan™" | score: 100
pragmatic_151_Front_Runner_Odds_On.jpg => "Front Runner Odds On" | score: 100
pragmatic_152_Panda_Fortune_2.jpg => "Panda’s Fortune 2" | score: 50
pragmatic_153_Big_Bass_Christmas_Bash.jpg => "Big Bass Christmas Bash™" | score: 100
pragmatic_154_Big_Bass_Xmas_Xtreme.jpg => "Big Bass Xmas Extreme" | score: 50
pragmatic_155_Gravity_Bonanza.jpg => "Gravity Bonanza™" | score: 100
pragmatic_156_7_Clovers_of_Fortune.jpg => "7 Clovers of Fortune" | score: 100
pragmatic_157_Release_the_Kraken_2.jpg => "Release the Kraken® 2" | score: 100
pragmatic_158_Sumo_Supreme_Megaways.jpg => "Sumo Supreme Megaways™" | score: 100
pragmatic_159_Aztec_Gems.jpg => "Aztec Gems™" | score: 100
pragmatic_15_Fire_Portals.jpg => "Fire Portals" | score: 100
pragmatic_160_Fire_Archer.jpg => "Fire Archer" | score: 100
pragmatic_161_Muertos_Multiplier_Megaways.jpg => "Muertos Multiplier Megaways" | score: 100
pragmatic_162_7_Piggies.jpg => "7 Piggies™" | score: 100
pragmatic_163_Big_Bass_Bonanza_Reel_Action.jpg => "Big Bass Bonanza – Reel Action" | score: 100
pragmatic_164_Big_Bass_Halloween_2.jpg => "Big Bass Halloween 2" | score: 100
pragmatic_165_Book_of_the_Fallen.jpg => "Book of the Fallen™" | score: 100
pragmatic_166_Ding_Dong_Christmas_Bells.jpg => "Ding Dong Christmas Bells™" | score: 100
pragmatic_167_Barnyard_Megahays_Megaways.jpg => "Barnyard Megahays Megaways™" | score: 100
pragmatic_168_Sugar_Rush_Xmas.jpg => "Sugar Rush Xmas™" | score: 100
pragmatic_169_Fat_Panda.jpg => "Fat Panda™" | score: 100
pragmatic_16_Sky_Bounty.jpg => "Sky Bounty™" | score: 100
pragmatic_170_Floating_Dragon_New_Year_Festival_Ultra_Megaways_Hold_Spin.jpg => "Floating Dragon New Year Festival Ultra Megaways™ Hold & Spin" | score: 100
pragmatic_171_Chilli_Heat_Megaways.jpg => "Chilli Heat® Megaways" | score: 100
pragmatic_172_Samurai_Code.jpg => "Samurai Code" | score: 100
pragmatic_173_Great_Rhino_Megaways.jpg => "Great Rhino® Megaways" | score: 100
pragmatic_174_Wild_Celebrity_Bus_Megaways.jpg => "Wild Celebrity Bus Megaways™" | score: 100
pragmatic_175_The_Money_Men_Megaways.jpg => "The Money Men Megaways™" | score: 100
pragmatic_176_Rise_of_Giza_PowerNudge.jpg => "Rise of Giza PowerNudge™" | score: 100
pragmatic_177_Candy_Jar_Clusters.jpg => "Candy Jar Clusters™" | score: 100
pragmatic_178_Big_Bass_Hold_Spinner_Megaways.jpg => "Big Bass Hold & Spinner Megaways™" | score: 100
pragmatic_179_Pot_of_Fortune.jpg => "Pot of Fortune" | score: 100
pragmatic_17_Madame_Destiny_Megaways.jpg => "Madame Destiny Megaways™" | score: 100
pragmatic_180_Candy_Blitz.jpg => "Candy Blitz™" | score: 100
pragmatic_181_Spartan_King.jpg => "Spartan King™" | score: 100
pragmatic_182_Revenge_of_Loki_Megaways.jpg => "Revenge of Loki Megaways" | score: 100
pragmatic_183_Mustang_Gold.jpg => "Mustang Gold™" | score: 100
pragmatic_184_The_Alter_Ego.jpg => "The Alter Ego" | score: 100
pragmatic_185_Spirit_of_Adventure.jpg => "Spirit of Adventure" | score: 100
pragmatic_186_Aztec_Powernudge.jpg => "Aztec Powernudge" | score: 100
pragmatic_187_Mighty_Munching_Melons.jpg => "Mighty Munching Melons" | score: 100
pragmatic_188_Empty_the_Bank.jpg => "Empty the Bank™" | score: 100
pragmatic_18_Sweet_Bonanza_Xmas.jpg => "Sweet Bonanza® Xmas" | score: 100
pragmatic_190_Floating_Dragon_Megaways.jpg => "Floating Dragon Megaways" | score: 100
pragmatic_191_Curse_of_the_Werewolf_Megaways.jpg => "Curse of the Werewolf Megaways™" | score: 100
pragmatic_192_Nile_Fortune.jpg => "Nile Fortune™" | score: 100
pragmatic_193_Spellbinding_Mystery.jpg => "Spellbinding Mystery™" | score: 100
pragmatic_194_Peak_Power.jpg => "Peak Power™" | score: 100
pragmatic_195_Fangtastic_Freespins.jpg => "Fangtastic Freespins" | score: 100
pragmatic_196_Dance_Party.jpg => "Dance Party™" | score: 100
pragmatic_197_Big_Bass_Keeping_it_Reel.jpg => "Big Bass – Keeping it Reel" | score: 100
pragmatic_198_Christmas_Carol_Megaways.jpg => "Christmas Carol Megaways™" | score: 100
pragmatic_199_Bigger_Bass_Bonanza.jpg => "Bigger Bass Bonanza™" | score: 100
pragmatic_19_Hot_Fiesta.jpg => "Hot Fiesta™" | score: 100
pragmatic_1_Gates_of_Olympus_1000.jpg => "Gates of Olympus 1000™" | score: 100
pragmatic_200_Treasure_Wild.jpg => "Treasure Wild™" | score: 100
pragmatic_201_Drill_That_Gold.jpg => "Drill that Gold" | score: 100
pragmatic_202_Snakes_Ladders_2_Snake_Eyes.jpg => "Snakes & Ladders – Snake Eyes™" | score: 100
pragmatic_203_Yum_Yum_Powerways.jpg => "Yum Yum PowerWays®" | score: 100
pragmatic_204_3_Dancing_Monkeys.jpg => "3 Dancing Monkeys™" | score: 100
pragmatic_205_Ancient_Island_Megaways.jpg => "Ancient Island Megaways™" | score: 100
pragmatic_206_Voodoo_Magic.jpg => "Voodoo Magic™" | score: 100
pragmatic_207_Gates_of_Valhalla.jpg => "Gates of Valhalla™" | score: 100
pragmatic_208_Firebird_Spirit.jpg => "Firebird Spirit" | score: 100
pragmatic_209_Wild_Beach_Party.jpg => "Wild Beach Party™" | score: 100
pragmatic_20_Big_Bass_Splash.jpg => "Big Bass Splash" | score: 100
pragmatic_210_Rocket_Blast_Megaways.jpg => "Rocket Blast Megaways" | score: 100
pragmatic_211_Fury_of_Odin_Megaways.jpg => "Fury of Odin Megaways™" | score: 100
pragmatic_212_Bigger_Bass_Blizzard_Christmas_Catch.jpg => "Bigger Bass Blizzard – Christmas Catch™" | score: 100
pragmatic_213_The_Great_Stick_Up.jpg => "The Great Stick-Up" | score: 50
pragmatic_214_Candy_Stars.jpg => "Candy Stars" | score: 100
pragmatic_215_Eye_of_Cleopatra.jpg => "Eye of Cleopatra™" | score: 100
pragmatic_216_John_Hunter_and_the_Book_of_Tut.jpg => "John Hunter and the book of Tut™" | score: 100
pragmatic_218_Escape_the_Pyramid_Fire_Ice.jpg => "Escape the Pyramid – Fire & Ice" | score: 100
pragmatic_219_Blazing_Wilds_Megaways.jpg => "Blazing Wilds Megaways" | score: 100
pragmatic_21_Hand_of_Midas_2.jpg => "Hand of Midas 2" | score: 100
pragmatic_220_Floating_Dragon_Year_of_the_Snake.jpg => "Floating Dragon – Year of the Snake" | score: 100
pragmatic_221_African_Elephant.jpg => "African Elephant™" | score: 100
pragmatic_222_Hot_To_Burn_Multiplier.jpg => "Hot to Burn Multiplier" | score: 100
pragmatic_223_Moleionaire.jpg => "Moleionaire" | score: 100
pragmatic_224_Rainbow_Reels.jpg => "Rainbow Reels™" | score: 100
pragmatic_225_The_Wild_Machine.jpg => "The Wild Machine™" | score: 100
pragmatic_226_Octobeer_Fortunes.jpg => "Octobeer Fortunes" | score: 100
pragmatic_227_Penguins_Christmas_Party_Time.jpg => "Penguins Christmas Party Time" | score: 100
pragmatic_228_Castle_of_Fire.jpg => "Castle of Fire" | score: 100
pragmatic_229_Magic_Money_Maze.jpg => "Magic Money Maze" | score: 100
pragmatic_22_Tiny_Toads.jpg => "Tiny Toads" | score: 100
pragmatic_230_Rise_of_Pyramids.jpg => "Rise of Pyramids" | score: 100
pragmatic_231_Emerald_King_Rainbow_Road.jpg => "Emerald King® Rainbow Road" | score: 100
pragmatic_232_3_Genie_Wishes.jpg => "3 Genie Wishes™" | score: 100
pragmatic_233_Jokers_Jewels_Wild.jpg => "Joker’s Jewels Wild" | score: 100
pragmatic_234_Lobster_Bobs_Sea_Food_and_Win_It.jpg => "Lobster Bob’s Sea Food and Win It" | score: 100
pragmatic_235_Rabbit_Garden.jpg => "Rabbit Garden" | score: 100
pragmatic_236_Forging_Wilds.jpg => "Forging Wilds" | score: 100
pragmatic_237_Black_Bull.jpg => "Black Bull" | score: 100
pragmatic_239_Forge_of_Olympus.jpg => "Forge of Olympus™" | score: 100
pragmatic_23_Book_of_Golden_Sands.jpg => "Book of Golden Sands" | score: 100
pragmatic_240_Mining_Rush.jpg => "Mining Rush" | score: 100
pragmatic_241_Snakes_and_Ladders_Megadice.jpg => "Snakes and Ladders Megadice™" | score: 100
pragmatic_242_Big_Burger_Load_it_up_with_Xtra_cheese.jpg => "Big Burger Load it up with Xtra cheese" | score: 100
pragmatic_244_Gold_Oasis.jpg => "Gold Oasis™" | score: 100
pragmatic_245_Frozen_Tropics.jpg => "Frozen Tropics™" | score: 100
pragmatic_246_5_Lions.jpg => "5 Lions™" | score: 100
pragmatic_247_Aztec_Bonanza.jpg => "Aztec Bonanza™" | score: 100
pragmatic_248_Knight_Hot_Spotz.jpg => "Knight Hot Spotz™" | score: 100
pragmatic_249_Gears_of_Horus.jpg => "Gears of Horus" | score: 100
pragmatic_24_Juicy_Fruits_Multihold.jpg => "Juicy Fruits Multihold™" | score: 100
pragmatic_251_Fortune_Hitn_Roll.jpg => "Fortune Hit’n Roll" | score: 100
pragmatic_252_Badge_Blitz.jpg => "Badge Blitz" | score: 100
pragmatic_253_Red_Hot_Luck.jpg => "Red Hot Luck" | score: 100
pragmatic_254_Hot_to_Burn_7_Deadly_Free_Spins.jpg => "Hot to Burn – 7 Deadly Free Spins" | score: 100
pragmatic_255_Lobster_Bobs_Crazy_Crab_Shack.jpg => "Lobster Bob’s Crazy Crab Shack™" | score: 100
pragmatic_256_Country_Farming.jpg => "Country Farming™" | score: 100
pragmatic_257_Gorilla_Mayhem.jpg => "Gorilla Mayhem" | score: 100
pragmatic_258_Jackpot_Hunter.jpg => "Jackpot Hunter" | score: 100
pragmatic_259_The_Magic_Cauldron_Enchanted_Brew.jpg => "The Magic Cauldron – Enchanted Brew™" | score: 100
pragmatic_25_Fish_Eye.jpg => "Fish Eye" | score: 100
pragmatic_260_Strawberry_Cocktail.jpg => "Strawberry Cocktail" | score: 100
pragmatic_261_Fortune_of_Giza.jpg => "Fortune of Giza™" | score: 100
pragmatic_262_Gods_of_Giza.jpg => "Gods of Giza™" | score: 100
pragmatic_263_5_Lions_Megaways_2.jpg => "5 Lions Megaways™" | score: 100
pragmatic_264_Mysterious_Egypt.jpg => "Mysterious Egypt™" | score: 100
pragmatic_265_Piggy_Bank_Bills.jpg => "Piggy Bank Bills™" | score: 100
pragmatic_266_Madame_Destiny.jpg => "Madame Destiny™" | score: 100
pragmatic_267_Mystery_Mice.jpg => "Mystery Mice" | score: 100
pragmatic_268_Jokers_Jewels_Dice.jpg => "6 Jokers" | score: 80
pragmatic_269_Jungle_Gorilla.jpg => "Jungle Gorilla™" | score: 100
pragmatic_26_Gems_Bonanza.jpg => "Gems Bonanza®" | score: 100
pragmatic_270_Pub_Kings.jpg => "Pub Kings™" | score: 100
pragmatic_271_Pirate_Golden_Age.jpg => "Pirate Golden Age" | score: 100
pragmatic_272_Fonzos_Feline_Fortunes.jpg => "Fonzo’s Feline Fortunes" | score: 100
pragmatic_273_North_Guardians.jpg => "North Guardians" | score: 100
pragmatic_274_Himalayan_Wild.jpg => "Himalayan Wild" | score: 100
pragmatic_275_Heist_for_the_Golden_Nuggets.jpg => "Heist for the Golden Nuggets™" | score: 100
pragmatic_276_Three_Star_Fortune.jpg => "Three Star Fortune™" | score: 100
pragmatic_277_Mustang_Trail.jpg => "Mustang Trail™" | score: 100
pragmatic_278_Aladdin_and_the_Sorcerer.jpg => "Aladdin and the Sorcerer™" | score: 100
pragmatic_279_Hot_Safari.jpg => "Hot Safari™" | score: 100
pragmatic_27_Santas_Great_Gifts.jpg => "Santa’s Great Gifts™" | score: 100
pragmatic_280_Mammoth_Gold_Megaways.jpg => "Mammoth Gold Megaways" | score: 100
pragmatic_281_Wild_Wildebeest_Wins.jpg => "Wild Wildebeest Wins" | score: 100
pragmatic_282_Diamond_Strike.jpg => "Diamond Strike®" | score: 100
pragmatic_283_John_Hunter_and_the_Book_of_Tut_Respin.jpg => "John Hunter and the Book of Tut Respin™" | score: 100
pragmatic_284_Jokers_Jewels.jpg => "Joker’s Jewels™" | score: 100
pragmatic_285_Chests_of_Cai_Shen.jpg => "Chests of Cai Shen" | score: 100
pragmatic_286_Wolf_Gold.jpg => "Wolf Gold®" | score: 100
pragmatic_287_Sword_of_Ares.jpg => "Sword of Ares™" | score: 100
pragmatic_288_Spin_Score_Megaways.jpg => "Spin & Score Megaways™" | score: 100
pragmatic_289_John_Hunter_and_the_Mayan_Gods.jpg => "John Hunter and the Mayan Gods™" | score: 100
pragmatic_28_Buffalo_King.jpg => "Buffalo King™" | score: 100
pragmatic_290_Down_the_Rails.jpg => "Down the Rails" | score: 100
pragmatic_291_Cash_Patrol.jpg => "Cash Patrol" | score: 100
pragmatic_293_Ultra_Burn.jpg => "Ultra Burn®" | score: 100
pragmatic_294_Asgard.jpg => "Asgard™" | score: 100
pragmatic_295_Rainbow_Gold.jpg => "Rainbow Gold™" | score: 100
pragmatic_296_Wild_Walker.jpg => "Wild Walker™" | score: 100
pragmatic_297_Day_of_Dead.jpg => "Day of Dead™" | score: 100
pragmatic_298_Secret_City_Gold.jpg => "Secret City Gold" | score: 100
pragmatic_299_Crystal_Caverns_Megaways.jpg => "Crystal Caverns Megaways™" | score: 100
pragmatic_29_Dragon_Gold_88.jpg => "Dragon Gold 88" | score: 100
pragmatic_2_Sweet_Bonanza_1000.jpg => "Sweet Bonanza®" | score: 100
pragmatic_300_Phoenix_Forge.jpg => "Phoenix Forge™" | score: 100
pragmatic_301_Money_Mouse.jpg => "Money Mouse™" | score: 100
pragmatic_302_Drago_Jewels_of_Fortune.jpg => "Drago – Jewels of Fortune™" | score: 100
pragmatic_303_Eternal_Empress_Freeze_Time.jpg => "Eternal Empress – Freeze Time" | score: 100
pragmatic_304_The_Knight_King.jpg => "The Knight King™" | score: 100
pragmatic_305_Triple_Dragons.jpg => "Triple Dragons™" | score: 100
pragmatic_306_Tropical_Tiki.jpg => "Tropical Tiki" | score: 100
pragmatic_307_Shining_Hot_20.jpg => "Shining Hot 5" | score: 100
pragmatic_308_John_Hunter_and_the_Tomb_of_the_Scarab_Queen.jpg => "John Hunter and the Tomb of the Scarab Queen™" | score: 100
pragmatic_309_Diamonds_Of_Egypt.jpg => "Diamonds Of Egypt™" | score: 100
pragmatic_30_Heroic_Spins.jpg => "Heroic Spins" | score: 100
pragmatic_310_Greedy_Fortune_Pig.jpg => "Greedy Fortune Pig" | score: 100
pragmatic_311_Jokers_Jewels_Hot.jpg => "Joker’s Jewels Hot" | score: 100
pragmatic_312_Dragon_King_Hot_Pots.jpg => "Dragon King Hot Pots" | score: 100
pragmatic_313_Big_Bass_Bonanza_Megaways.jpg => "Big Bass Bonanza Megaways™" | score: 100
pragmatic_314_Aztec_Treasure_Hunt.jpg => "Aztec Treasure Hunt" | score: 100
pragmatic_315_Might_of_Freya_Megaways.jpg => "Might of Freya Megaways™" | score: 100
pragmatic_316_Cash_Bonanza.jpg => "Cash Bonanza™" | score: 100
pragmatic_317_Dragon_Hot_Hold_and_Spin.jpg => "Dragon Hot Hold and Spin™" | score: 100
pragmatic_318_Money_Stacks_Megaways.jpg => "Money Stacks Megaways™" | score: 100
pragmatic_319_Cash_Chips.jpg => "Cash Chips™" | score: 100
pragmatic_31_Gates_of_Olympus_Xmas_1000.jpg => "Gates of Olympus Xmas 1000" | score: 100
pragmatic_320_Congo_Cash.jpg => "Congo Cash™" | score: 100
pragmatic_321_Hellvis_Wild.jpg => "Hellvis Wild™" | score: 100
pragmatic_322_Mystic_Chief.jpg => "Mystic Chief™" | score: 100
pragmatic_323_Cowboys_Gold.jpg => "Cowboys Gold™" | score: 100
pragmatic_324_The_Red_Queen.jpg => "The Red Queen™" | score: 100
pragmatic_325_Tree_of_Riches.jpg => "Tree of Riches™" | score: 100
pragmatic_326_Wild_Wild_Bananas.jpg => "Wild Wild Bananas™" | score: 100
pragmatic_327_Timber_Stacks.jpg => "Timber Stacks™" | score: 100
pragmatic_328_Goblin_Heist_Powernudge.jpg => "Goblin Heist PowerNudge™" | score: 100
pragmatic_329_Diamond_Cascade.jpg => "Diamond Cascade™" | score: 100
pragmatic_32_Sugar_Rush.jpg => "Sugar Rush 1000" | score: 100
pragmatic_330_Shining_Hot_40.jpg => "Shining Hot 5" | score: 100
pragmatic_331_Piggy_Bankers.jpg => "Piggy Bankers™" | score: 100
pragmatic_332_5_Lions_Dance.jpg => "5 Lions Dance™" | score: 100
pragmatic_333_Tundras_Fortune.jpg => "Tundra’s Fortune™" | score: 100
pragmatic_334_Striking_Hot_5.jpg => "Striking Hot 5" | score: 100
pragmatic_335_888_Gold.jpg => "888 Gold™" | score: 100
pragmatic_336_Super_7s.jpg => "Super 7s™" | score: 100
pragmatic_337_Lamp_Of_Infinity.jpg => "Lamp Of Infinity™" | score: 100
pragmatic_338_Savannah_Legend.jpg => "Savannah Legend" | score: 100
pragmatic_339_Brick_House_Bonanza.jpg => "Brick House Bonanza" | score: 100
pragmatic_33_Sweet_Bonanza_Dice.jpg => "Sweet Bonanza®" | score: 80
pragmatic_340_Big_Bass_Return_to_the_Races.jpg => "Big Bass Return to the Races" | score: 100
pragmatic_341_Good_Luck_Good_Fortune.jpg => "Good Luck & Good Fortune" | score: 100
pragmatic_342_Vegas_Magic.jpg => "Vegas Magic™" | score: 100
pragmatic_343_Book_of_Tut_Megaways.jpg => "Book of Tut Megaways™" | score: 100
pragmatic_344_Gold_Train.jpg => "Gold Train™" | score: 100
pragmatic_345_Fishin_Reels.jpg => "Fishin’ Reels™" | score: 100
pragmatic_346_Monkey_Warrior.jpg => "Monkey Warrior™" | score: 100
pragmatic_347_Chicken_Chase.jpg => "Chicken Chase" | score: 100
pragmatic_348_Honey_Honey_Honey.jpg => "Honey Honey Honey™" | score: 100
pragmatic_349_Elemental_Gems_Megaways.jpg => "Elemental Gems Megaways™" | score: 100
pragmatic_34_3_Buzzing_Wilds.jpg => "3 Buzzing Wilds™" | score: 100
pragmatic_350_Pandas_Fortune.jpg => "Panda’s Fortune 2" | score: 100
pragmatic_351_Eye_of_the_Storm.jpg => "Eye of the Storm™" | score: 100
pragmatic_352_Pirate_Gold_Deluxe.jpg => "Pirate Gold Deluxe™" | score: 100
pragmatic_353_Fortunes_of_Aztec.jpg => "Fortunes of Aztec™" | score: 100
pragmatic_354_Chilli_Heat.jpg => "Chilli Heat®" | score: 100
pragmatic_355_Jane_Hunter_and_the_Mask_of_Montezuma.jpg => "Jane Hunter and the Mask of Montezuma™" | score: 100
pragmatic_356_Hot_to_burn.jpg => "Hot to Burn®" | score: 100
pragmatic_357_Greek_Gods.jpg => "Greek Gods™" | score: 100
pragmatic_358_Shield_of_Sparta.jpg => "Shield of Sparta™" | score: 100
pragmatic_359_Star_Bounty.jpg => "Star Bounty™" | score: 100
pragmatic_35_The_Dog_House_Multihold.jpg => "The Dog House Multihold™" | score: 100
pragmatic_360_The_Amazing_Money_Machine.jpg => "The Amazing Money Machine™" | score: 100
pragmatic_361_Reel_Banks.jpg => "Reel Banks™" | score: 100
pragmatic_362_Fire_Hot_40.jpg => "Fire Hot 20" | score: 100
pragmatic_363_Demon_Pots.jpg => "Demon Pots™" | score: 100
pragmatic_364_Great_Rhino.jpg => "Great Rhino®" | score: 100
pragmatic_365_Cowboy_Coins.jpg => "Cowboy Coins™" | score: 100
pragmatic_366_Super_X.jpg => "Super X™" | score: 100
pragmatic_367_Irish_Crown.jpg => "Irish Crown" | score: 100
pragmatic_368_Mystery_of_the_Orient.jpg => "Mystery of the Orient™" | score: 100
pragmatic_369_Sweet_Powernudge.jpg => "Sweet Powernudge™" | score: 100
pragmatic_36_Buffalo_King_Megaways.jpg => "Buffalo King Megaways™" | score: 100
pragmatic_370_Wolf_Gold_Ultimate.jpg => "Wolf Gold Ultimate" | score: 100
pragmatic_371_Raging_Waterfall_Megaways.jpg => "Raging Waterfall Megaways™" | score: 100
pragmatic_372_8_Dragons.jpg => "888 Dragons™" | score: 100
pragmatic_373_Aztec_Blaze.jpg => "Aztec Blaze" | score: 100
pragmatic_374_Shining_Hot_5.jpg => "Shining Hot 5" | score: 100
pragmatic_375_Bomb_Bonanza.jpg => "Bomb Bonanza" | score: 100
pragmatic_376_Emerald_King.jpg => "Emerald King®" | score: 100
pragmatic_377_Vampires_vs_Wolves.jpg => "Vampires vs Wolves™" | score: 100
pragmatic_378_Wild_Wild_Pearls.jpg => "Wild Wild Pearls" | score: 100
pragmatic_379_Star_Pirates_Code.jpg => "Star Pirates Code™" | score: 100
pragmatic_37_Pompeii_Megareels_Megaways.jpg => "Pompeii Megareels Megaways™" | score: 100
pragmatic_380_Fire_Hot_100.jpg => "Fire Hot 20" | score: 100
pragmatic_381_Safari_King.jpg => "Safari King™" | score: 100
pragmatic_383_John_Hunter_and_the_Aztec_Treasure.jpg => "John Hunter and the Aztec Treasure™" | score: 100
pragmatic_384_Gems_of_Serengeti.jpg => "Gems of Serengeti™" | score: 100
pragmatic_385_Aztec_Gems_Megaways.jpg => "Aztec Gems Megaways™" | score: 100
pragmatic_386_Queen_of_Atlantis.jpg => "Queen of Atlantis™" | score: 100
pragmatic_387_Towering_Fortunes.jpg => "Towering Fortunes™" | score: 100
pragmatic_388_Super_Joker.jpg => "Super Joker™" | score: 100
pragmatic_389_Lucky_Lightning.jpg => "Lucky Lightning™" | score: 100
pragmatic_38_Starlight_Princess.jpg => "Starlight Princess 1000™" | score: 100
pragmatic_390_Leprechaun_Song.jpg => "Leprechaun Song™" | score: 100
pragmatic_391_Triple_Jokers.jpg => "Triple Jokers™" | score: 100
pragmatic_392_Wild_Depth.jpg => "Wild Depths™" | score: 70
pragmatic_393_Lokis_Riches.jpg => "Loki’s Riches" | score: 100
pragmatic_394_Lucky_New_Year.jpg => "Lucky New Year™" | score: 100
pragmatic_395_Cyclops_Smash.jpg => "Cyclops Smash™" | score: 100
pragmatic_396_Peppes_Pepperoni_Pizza_Plaza.jpg => "Peppe’s Pepperoni Pizza Plaza" | score: 100
pragmatic_397_Wild_Spells.jpg => "Wild Spells™" | score: 100
pragmatic_398_Triple_Tigers.jpg => "Triple Tigers™" | score: 100
pragmatic_399_Triple_Pot_Gold.jpg => "Triple Pot Gold" | score: 100
pragmatic_39_Cleocatra.jpg => "Cleocatra®" | score: 100
pragmatic_3_Sugar_Rush_1000.jpg => "Sugar Rush 1000" | score: 100
pragmatic_400_Wild_Pixies.jpg => "Wild Pixies™" | score: 100
pragmatic_401_Wild_Gladiators.jpg => "Wild Gladiators™" | score: 100
pragmatic_402_Hot_Chilli.jpg => "Hot Chilli™" | score: 100
pragmatic_403_Mighty_Kong.jpg => "Mighty Kong™" | score: 100
pragmatic_404_Street_Racer.jpg => "Street Racer™" | score: 100
pragmatic_405_Panda_Gold_10_000.jpg => "888 Gold™" | score: 80
pragmatic_406_Jade_Butterfly.jpg => "Jade Butterfly™" | score: 100
pragmatic_407_Dragon_Kingdom.jpg => "Dragon Kingdom™" | score: 100
pragmatic_408_Dragon_Kingdom_Eyes_of_Fire.jpg => "Dragon Kingdom – Eyes of Fire™" | score: 100
pragmatic_409_Hot_to_Burn_Hold_and_Spin.jpg => "Hot to Burn® Hold and Spin" | score: 100
pragmatic_40_Big_Bass_Vegas_Double_Down_Deluxe.jpg => "Big Bass Vegas Double Down Deluxe" | score: 100
pragmatic_410_Santa.jpg => "Santa" | score: 100
pragmatic_411_Chase_for_Glory.jpg => "Chase for Glory™" | score: 100
pragmatic_412_Cash_Box.jpg => "Cash Box™" | score: 100
pragmatic_413_Fire_Hot_20.jpg => "Fire Hot 20" | score: 100
pragmatic_414_Smugglers_Cove.jpg => "Smugglers Cove™" | score: 100
pragmatic_415_The_Ultimate_5.jpg => "The Ultimate 5" | score: 100
pragmatic_416_Dwarven_Gold_Deluxe.jpg => "Dwarven Gold Deluxe™" | score: 100
pragmatic_417_John_Hunter_and_the_Quest_for_Bermuda_Riches.jpg => "John Hunter and the Quest for Bermuda Riches™" | score: 100
pragmatic_418_Return_of_the_Dead.jpg => "Return of the Dead™" | score: 100
pragmatic_419_Fire_Strike.jpg => "Fire Strike™" | score: 100
pragmatic_41_Vampy_Party.jpg => "Vampy Party" | score: 100
pragmatic_420_Hercules_and_Pegasus.jpg => "Hercules and Pegasus™" | score: 100
pragmatic_421_Caishens_Cash.jpg => "Caishen’s Cash™" | score: 100
pragmatic_422_Gold_Rush_250_000.jpg => "Gold Rush™" | score: 100
pragmatic_423_Fruit_Rainbow.jpg => "Fruit Rainbow™" | score: 100
pragmatic_424_Ancient_Egypt_Classic.jpg => "Ancient Egypt Classic™" | score: 100
pragmatic_425_Hercules_Son_of_Zeus.jpg => "Hercules Son of Zeus™" | score: 100
pragmatic_426_Great_Rhino_Deluxe.jpg => "Great Rhino® Deluxe" | score: 100
pragmatic_427_Fairytale_Fortune.jpg => "Fairytale Fortune™" | score: 100
pragmatic_42_Wisdom_of_Athena_1000.jpg => "Wisdom of Athena™" | score: 100
pragmatic_430_Hot_Safari_50_000.jpg => "Hot Safari™" | score: 100
pragmatic_431_Heart_Of_Rio.jpg => "Heart of Rio" | score: 100
pragmatic_432_Jurassic_Giants.jpg => "Jurassic Giants®" | score: 100
pragmatic_433_Hot_to_Burn_Extreme.jpg => "Hot to Burn® Extreme" | score: 100
pragmatic_434_Jasmine_Dreams.jpg => "Jasmine Dreams™" | score: 100
pragmatic_435_Lucky_Dragons.jpg => "Lucky Dragons™" | score: 100
pragmatic_436_Lady_Godiva.jpg => "Lady Godiva™" | score: 100
pragmatic_437_Kingdom_of_The_Dead.jpg => "Kingdom of The Dead™" | score: 100
pragmatic_438_Queen_of_Gods.jpg => "Queen of Gods" | score: 100
pragmatic_439_Happy_Hooves.jpg => "Happy Hooves" | score: 100
pragmatic_43_The_Dog_House_Dog_or_Alive.jpg => "The Dog House – Dog or Alive" | score: 100
pragmatic_440_Joker_King.jpg => "Joker King™" | score: 100
pragmatic_441_Journey_to_the_West.jpg => "Journey to the West™" | score: 100
pragmatic_442_5_Lions_Gold.jpg => "5 Lions Gold™" | score: 100
pragmatic_443_Little_Gem.jpg => "Little Gem" | score: 100
pragmatic_444_Magic_Journey.jpg => "Magic Journey™" | score: 100
pragmatic_445_Monkey_Madness.jpg => "Monkey Madness™" | score: 100
pragmatic_446_Master_Chens_Fortune.jpg => "Master Chen’s Fortune™" | score: 100
pragmatic_447_Diamond_Strike_100_000.jpg => "Diamond Strike®" | score: 100
pragmatic_448_Aztec_Smash.jpg => "Aztec Smash" | score: 100
pragmatic_449_Pixie_Wings.jpg => "Pixie Wings®" | score: 100
pragmatic_44_Club_Tropicana.jpg => "Club Tropicana™" | score: 100
pragmatic_450_Mysterious.jpg => "Mysterious™" | score: 100
pragmatic_451_Panther_Queen.jpg => "Panther Queen™" | score: 100
pragmatic_452_Ancient_Egypt.jpg => "Ancient Egypt™" | score: 100
pragmatic_453_Luckys_Wild_Pub.jpg => "Lucky’s Wild Pub" | score: 100
pragmatic_454_Queen_of_Gold_100_000.jpg => "888 Gold™" | score: 80
pragmatic_455_Fire_88.jpg => "Fire 88™" | score: 100
pragmatic_456_Magic_Crystals.jpg => "Magic Crystals" | score: 100
pragmatic_457_Vegas_Nights.jpg => "Vegas Nights™" | score: 100
pragmatic_458_Pyramid_King.jpg => "Pyramid King™" | score: 100
pragmatic_459_Pinup_Girls.jpg => "Pinup Girls" | score: 100
pragmatic_45_Zombie_Carnival.jpg => "Zombie Carnival" | score: 100
pragmatic_460_Shining_Hot_100.jpg => "Shining Hot 5" | score: 100
pragmatic_461_Pirate_Gold.jpg => "Pirate Gold™" | score: 100
pragmatic_462_Leprechaun_Carol.jpg => "Leprechaun Carol™" | score: 100
pragmatic_463_7_Piggies_5_000.jpg => "7 Piggies™" | score: 100
pragmatic_464_Trees_of_Treasure.jpg => "Trees of Treasure" | score: 100
pragmatic_465_Tic_Tac_Take.jpg => "Tic Tac Take" | score: 100
pragmatic_466_Treasure_Horse.jpg => "Treasure Horse™" | score: 100
pragmatic_467_Volcano_Goddess.jpg => "Volcano Goddess" | score: 100
pragmatic_468_Crown_of_Fire.jpg => "Crown of Fire" | score: 100
pragmatic_469_Book_of_Kingdoms.jpg => "Book of Kingdoms®" | score: 100
pragmatic_46_Wild_West_Duels.jpg => "Wild West Duels™" | score: 100
pragmatic_470_Caishens_Gold.jpg => "Caishen’s Gold™" | score: 100
pragmatic_471_Wolf_Gold_1_000_000.jpg => "Wolf Gold®" | score: 100
pragmatic_472_The_Champions.jpg => "The Champions™" | score: 100
pragmatic_473_John_Hunter_and_Galileos_Secrets.jpg => "John Hunter and Galileo’s Secrets" | score: 100
pragmatic_475_Colossal_Cash_Zone.jpg => "Colossal Cash Zone™" | score: 100
pragmatic_476_Wild_Wild_Joker.jpg => "Wild Wild Joker" | score: 100
pragmatic_477_Gold_Rush.jpg => "Gold Rush™" | score: 100
pragmatic_478_The_Great_Chicken_Escape.jpg => "The Great Chicken Escape™" | score: 100
pragmatic_479_Aztec_Gems_Deluxe.jpg => "Aztec Gems Deluxe™" | score: 100
pragmatic_47_Big_Bass_Amazon_Xtreme.jpg => "Big Bass Amazon Xtreme" | score: 100
pragmatic_480_Egyptian_Fortunes.jpg => "Egyptian Fortunes™" | score: 100
pragmatic_481_3_Kingdoms_Battle_of_Red_Cliffs.jpg => "3 Kingdoms – Battle of Red Cliffs™" | score: 100
pragmatic_482_Fire_Strike_2.jpg => "Fire Strike™" | score: 100
pragmatic_483_Fire_Hot_5.jpg => "Fire Hot 20" | score: 100
pragmatic_48_Wild_West_Gold.jpg => "Wild West Gold®" | score: 100
pragmatic_49_Gates_of_Olympus_1000_Dice.jpg => "Gates of Olympus 1000™" | score: 80
pragmatic_4_Sweet_Bonanza.jpg => "Sweet Bonanza®" | score: 100
pragmatic_50_Extra_Juicy.jpg => "Extra Juicy™" | score: 100
pragmatic_51_Big_Bass_Bonanza.jpg => "Big Bass Bonanza™" | score: 100
pragmatic_52_Monster_Superlanche.jpg => "Monster Superlanche" | score: 100
pragmatic_53_Dragon_Hero.jpg => "Dragon Hero™" | score: 100
pragmatic_54_Big_Bass_Day_at_the_Races.jpg => "Big Bass Day at the Races" | score: 100
pragmatic_55_Big_Bass_Crash.jpg => "Big Bass Bonanza™" | score: 33.33333333333333
pragmatic_56_Sweet_Kingdom.jpg => "Sweet Kingdom" | score: 100
pragmatic_57_Big_Bass_Floats_My_Boat.jpg => "Big Bass Floats My Boat" | score: 100
pragmatic_58_The_Dog_House_Megaways.jpg => "The Dog House® Megaways" | score: 100
pragmatic_59_Fruity_Treats.jpg => "Fruity Treats" | score: 100
pragmatic_5_Big_Bass_Secrets_of_the_Golden_Lake.jpg => "Big Bass Secrets of the Golden Lake" | score: 100
pragmatic_60_Twilight_Princess.jpg => "Twilight Princess™" | score: 100
pragmatic_61_Floating_Dragon_Dragon_Boat_Festival.jpg => "Floating Dragon – Dragon Boat Festival™" | score: 100
pragmatic_62_Might_of_Ra.jpg => "Might of Ra" | score: 100
pragmatic_63_Greedy_Wolf.jpg => "Greedy Wolf" | score: 100
pragmatic_64_Candy_Blitz_Bombs.jpg => "Candy Blitz Bombs" | score: 100
pragmatic_65_Master_Joker.jpg => "Master Joker™" | score: 100
pragmatic_66_Year_of_the_Dragon_King.jpg => "Year of the Dragon King" | score: 100
pragmatic_67_888_Dragons.jpg => "888 Dragons™" | score: 100
pragmatic_68_Jewel_Rush.jpg => "Jewel Rush™" | score: 100
pragmatic_69_Gold_Party.jpg => "Gold Party®" | score: 100
pragmatic_6_Zeus_vs_Hades_Gods_of_War.jpg => "Zeus vs Hades – Gods of War™" | score: 100
pragmatic_6_Zeus_vs_Hades__Gods_of_War.jpg => "Zeus vs Hades – Gods of War™" | score: 100
pragmatic_70_The_Hand_of_Midas.jpg => "The Hand of Midas™" | score: 100
pragmatic_71_Da_Vincis_Treasure.jpg => "Da Vinci’s Treasure™" | score: 100
pragmatic_73_Starlight_Christmas.jpg => "Starlight Christmas" | score: 100
pragmatic_74_Medusas_Stone.jpg => "Medusa’s Stone" | score: 100
pragmatic_75_Buffalo_King_Untamed_Megaways.jpg => "Buffalo King Untamed Megaways" | score: 100
pragmatic_76_Santas_Wonderland.jpg => "Santa’s Wonderland™" | score: 100
pragmatic_77_Dwarf_Dragon.jpg => "Dwarf & Dragon" | score: 100
pragmatic_78_Wild_Wild_Riches_Megaways.jpg => "Wild Wild Riches Megaways™" | score: 100
pragmatic_79_Sugar_Supreme_Powernudge.jpg => "Sugar Supreme Powernudge™" | score: 100
pragmatic_7_Gates_of_Olympus.jpg => "Gates of Olympus 1000™" | score: 100
pragmatic_80_The_Dog_House_Muttley_Crew.jpg => "The Dog House – Muttley Crew" | score: 100
pragmatic_81_Wisdom_of_Athena.jpg => "Wisdom of Athena™" | score: 100
pragmatic_82_Money_Stacks.jpg => "Money Stacks" | score: 100
pragmatic_83_Big_Bass_Hold_Spinner.jpg => "Big Bass – Hold & Spinner™" | score: 100
pragmatic_84_Big_Bass_Halloween.jpg => "Big Bass Halloween 2" | score: 100
pragmatic_85_Ice_Lobster.jpg => "Ice Lobster" | score: 100
pragmatic_86_Cosmic_Cash.jpg => "Cosmic Cash" | score: 100
pragmatic_87_Temujin_Treasures.jpg => "Temujin Treasures™" | score: 100
pragmatic_88_Pirates_Pub.jpg => "Pirates Pub™" | score: 100
pragmatic_89_Sticky_Bees.jpg => "Sticky Bees™" | score: 100
pragmatic_8_Fruit_Party.jpg => "Fruit Party 2™" | score: 100
pragmatic_90_Fire_Stampede.jpg => "Fire Stampede™" | score: 100
pragmatic_91_Peking_Luck.jpg => "Peking Luck™" | score: 100
pragmatic_92_Release_the_Kraken.jpg => "Release the Kraken® 2" | score: 100
pragmatic_93_Christmas_Big_Bass_Bonanza.jpg => "Christmas Big Bass Bonanza™" | score: 100
pragmatic_94_Gem_Elevator.jpg => "Gem Elevator" | score: 100
pragmatic_95_Power_of_Merlin_Megaways.jpg => "Power of Merlin Megaways™" | score: 100
pragmatic_96_Starz_Megaways.jpg => "Starz Megaways™" | score: 100
pragmatic_97_Magicians_Secrets.jpg => "Magician’s Secrets™" | score: 100
pragmatic_98_Wild_West_Gold_Megaways.jpg => "Wild West Gold® Megaways" | score: 100
pragmatic_99_Starlight_Princess_Pachi.jpg => "Starlight Princess Pachi" | score: 100
pragmatic_9_Starlight_Princess_1000.jpg => "Starlight Princess 1000™" | score: 100